2019-07-26 06:41:44,328 mycategory [ALERT] 0 this is alter message
2019-07-26 06:41:44,328 mycategory [CRIT] 0 this is crit message
2019-07-26 06:41:44,328 mycategory [ERROR] 0 this is error message
2019-07-26 06:41:44,328 mycategory [WARN] 0 this is warn message
2019-07-26 06:41:44,328 mycategory [INFO] 0 this is info message
2019-07-26 06:41:44,328 mycategory [NOTICE] 0 this is notice message
2019-07-26 06:41:44,328 mycategory [ALERT] 1 this is alter message
2019-07-26 06:41:44,328 mycategory [CRIT] 1 this is crit message
2019-07-26 06:41:44,328 mycategory [ERROR] 1 this is error message
2019-07-26 06:41:44,328 mycategory [WARN] 1 this is warn message
2019-07-26 06:41:44,328 mycategory [INFO] 1 this is info message
2019-07-26 06:41:44,328 mycategory [NOTICE] 1 this is notice message
2019-07-26 06:41:44,328 mycategory [ALERT] 2 this is alter message
2019-07-26 06:41:44,328 mycategory [CRIT] 2 this is crit message
2019-07-26 06:41:44,328 mycategory [ERROR] 2 this is error message
2019-07-26 06:41:44,328 mycategory [WARN] 2 this is warn message
2019-07-26 06:41:44,328 mycategory [INFO] 2 this is info message
2019-07-26 06:41:44,328 mycategory [NOTICE] 2 this is notice message
2019-07-26 06:41:44,328 mycategory [ALERT] 3 this is alter message
2019-07-26 06:41:44,328 mycategory [CRIT] 3 this is crit message
2019-07-26 06:41:44,328 mycategory [ERROR] 3 this is error message
2019-07-26 06:41:44,328 mycategory [WARN] 3 this is warn message
2019-07-26 06:41:44,328 mycategory [INFO] 3 this is info message
2019-07-26 06:41:44,328 mycategory [NOTICE] 3 this is notice message
2019-07-26 06:41:44,328 mycategory [ALERT] 4 this is alter message
2019-07-26 06:41:44,328 mycategory [CRIT] 4 this is crit message
2019-07-26 06:41:44,328 mycategory [ERROR] 4 this is error message
2019-07-26 06:41:44,328 mycategory [WARN] 4 this is warn message
2019-07-26 06:41:44,328 mycategory [INFO] 4 this is info message
2019-07-26 06:41:44,328 mycategory [NOTICE] 4 this is notice message
2019-07-26 06:41:44,328 mycategory [ALERT] 5 this is alter message
2019-07-26 06:41:44,328 mycategory [CRIT] 5 this is crit message
2019-07-26 06:41:44,328 mycategory [ERROR] 5 this is error message
2019-07-26 06:41:44,328 mycategory [WARN] 5 this is warn message
2019-07-26 06:41:44,328 mycategory [INFO] 5 this is info message
2019-07-26 06:41:44,328 mycategory [NOTICE] 5 this is notice message
2019-07-26 06:41:44,328 mycategory [ALERT] 6 this is alter message
2019-07-26 06:41:44,328 mycategory [CRIT] 6 this is crit message
2019-07-26 06:41:44,328 mycategory [ERROR] 6 this is error message
2019-07-26 06:41:44,328 mycategory [WARN] 6 this is warn message
2019-07-26 06:41:44,328 mycategory [INFO] 6 this is info message
2019-07-26 06:41:44,328 mycategory [NOTICE] 6 this is notice message
2019-07-26 06:41:44,328 mycategory [ALERT] 7 this is alter message
2019-07-26 06:41:44,328 mycategory [CRIT] 7 this is crit message
2019-07-26 06:41:44,328 mycategory [ERROR] 7 this is error message
2019-07-26 06:41:44,328 mycategory [WARN] 7 this is warn message
2019-07-26 06:41:44,328 mycategory [INFO] 7 this is info message
2019-07-26 06:41:44,328 mycategory [NOTICE] 7 this is notice message
2019-07-26 06:41:44,329 mycategory [ALERT] 8 this is alter message
2019-07-26 06:41:44,329 mycategory [CRIT] 8 this is crit message
2019-07-26 06:41:44,329 mycategory [ERROR] 8 this is error message
2019-07-26 06:41:44,329 mycategory [WARN] 8 this is warn message
2019-07-26 06:41:44,329 mycategory [INFO] 8 this is info message
2019-07-26 06:41:44,329 mycategory [NOTICE] 8 this is notice message
2019-07-26 06:41:44,329 mycategory [ALERT] 9 this is alter message
2019-07-26 06:41:44,329 mycategory [CRIT] 9 this is crit message
2019-07-26 06:41:44,329 mycategory [ERROR] 9 this is error message
2019-07-26 06:41:44,329 mycategory [WARN] 9 this is warn message
2019-07-26 06:41:44,329 mycategory [INFO] 9 this is info message
2019-07-26 06:41:44,329 mycategory [NOTICE] 9 this is notice message
2019-07-26 06:41:44,329 mycategory [ALERT] 10 this is alter message
2019-07-26 06:41:44,329 mycategory [CRIT] 10 this is crit message
2019-07-26 06:41:44,329 mycategory [ERROR] 10 this is error message
2019-07-26 06:41:44,329 mycategory [WARN] 10 this is warn message
2019-07-26 06:41:44,329 mycategory [INFO] 10 this is info message
2019-07-26 06:41:44,329 mycategory [NOTICE] 10 this is notice message
2019-07-26 06:41:44,329 mycategory [ALERT] 11 this is alter message
2019-07-26 06:41:44,329 mycategory [CRIT] 11 this is crit message
2019-07-26 06:41:44,329 mycategory [ERROR] 11 this is error message
2019-07-26 06:41:44,329 mycategory [WARN] 11 this is warn message
2019-07-26 06:41:44,329 mycategory [INFO] 11 this is info message
2019-07-26 06:41:44,329 mycategory [NOTICE] 11 this is notice message
2019-07-26 06:41:44,329 mycategory [ALERT] 12 this is alter message
2019-07-26 06:41:44,329 mycategory [CRIT] 12 this is crit message
2019-07-26 06:41:44,329 mycategory [ERROR] 12 this is error message
2019-07-26 06:41:44,329 mycategory [WARN] 12 this is warn message
2019-07-26 06:41:44,329 mycategory [INFO] 12 this is info message
2019-07-26 06:41:44,329 mycategory [NOTICE] 12 this is notice message
2019-07-26 06:41:44,329 mycategory [ALERT] 13 this is alter message
2019-07-26 06:41:44,329 mycategory [CRIT] 13 this is crit message
2019-07-26 06:41:44,329 mycategory [ERROR] 13 this is error message
2019-07-26 06:41:44,329 mycategory [WARN] 13 this is warn message
2019-07-26 06:41:44,329 mycategory [INFO] 13 this is info message
2019-07-26 06:41:44,329 mycategory [NOTICE] 13 this is notice message
2019-07-26 06:41:44,329 mycategory [ALERT] 14 this is alter message
2019-07-26 06:41:44,329 mycategory [CRIT] 14 this is crit message
2019-07-26 06:41:44,329 mycategory [ERROR] 14 this is error message
2019-07-26 06:41:44,329 mycategory [WARN] 14 this is warn message
2019-07-26 06:41:44,329 mycategory [INFO] 14 this is info message
2019-07-26 06:41:44,329 mycategory [NOTICE] 14 this is notice message
2019-07-26 06:41:44,329 mycategory [ALERT] 15 this is alter message
2019-07-26 06:41:44,329 mycategory [CRIT] 15 this is crit message
2019-07-26 06:41:44,329 mycategory [ERROR] 15 this is error message
2019-07-26 06:41:44,329 mycategory [WARN] 15 this is warn message
2019-07-26 06:41:44,329 mycategory [INFO] 15 this is info message
2019-07-26 06:41:44,329 mycategory [NOTICE] 15 this is notice message
2019-07-26 06:41:44,334 mycategory [ALERT] 16 this is alter message
2019-07-26 06:41:44,334 mycategory [CRIT] 16 this is crit message
2019-07-26 06:41:44,334 mycategory [ERROR] 16 this is error message
2019-07-26 06:41:44,334 mycategory [WARN] 16 this is warn message
2019-07-26 06:41:44,334 mycategory [INFO] 16 this is info message
2019-07-26 06:41:44,334 mycategory [NOTICE] 16 this is notice message
2019-07-26 06:41:44,334 mycategory [ALERT] 17 this is alter message
2019-07-26 06:41:44,334 mycategory [CRIT] 17 this is crit message
2019-07-26 06:41:44,334 mycategory [ERROR] 17 this is error message
2019-07-26 06:41:44,334 mycategory [WARN] 17 this is warn message
2019-07-26 06:41:44,334 mycategory [INFO] 17 this is info message
2019-07-26 06:41:44,334 mycategory [NOTICE] 17 this is notice message
2019-07-26 06:41:44,334 mycategory [ALERT] 18 this is alter message
2019-07-26 06:41:44,334 mycategory [CRIT] 18 this is crit message
2019-07-26 06:41:44,334 mycategory [ERROR] 18 this is error message
2019-07-26 06:41:44,334 mycategory [WARN] 18 this is warn message
2019-07-26 06:41:44,334 mycategory [INFO] 18 this is info message
2019-07-26 06:41:44,334 mycategory [NOTICE] 18 this is notice message
2019-07-26 06:41:44,334 mycategory [ALERT] 19 this is alter message
2019-07-26 06:41:44,334 mycategory [CRIT] 19 this is crit message
2019-07-26 06:41:44,334 mycategory [ERROR] 19 this is error message
2019-07-26 06:41:44,334 mycategory [WARN] 19 this is warn message
2019-07-26 06:41:44,334 mycategory [INFO] 19 this is info message
2019-07-26 06:41:44,334 mycategory [NOTICE] 19 this is notice message
2019-07-26 06:41:44,334 mycategory [ALERT] 20 this is alter message
2019-07-26 06:41:44,334 mycategory [CRIT] 20 this is crit message
2019-07-26 06:41:44,334 mycategory [ERROR] 20 this is error message
2019-07-26 06:41:44,334 mycategory [WARN] 20 this is warn message
2019-07-26 06:41:44,334 mycategory [INFO] 20 this is info message
2019-07-26 06:41:44,334 mycategory [NOTICE] 20 this is notice message
2019-07-26 06:41:44,334 mycategory [ALERT] 21 this is alter message
2019-07-26 06:41:44,334 mycategory [CRIT] 21 this is crit message
2019-07-26 06:41:44,334 mycategory [ERROR] 21 this is error message
2019-07-26 06:41:44,334 mycategory [WARN] 21 this is warn message
2019-07-26 06:41:44,334 mycategory [INFO] 21 this is info message
2019-07-26 06:41:44,334 mycategory [NOTICE] 21 this is notice message
2019-07-26 06:41:44,334 mycategory [ALERT] 22 this is alter message
2019-07-26 06:41:44,334 mycategory [CRIT] 22 this is crit message
2019-07-26 06:41:44,334 mycategory [ERROR] 22 this is error message
2019-07-26 06:41:44,334 mycategory [WARN] 22 this is warn message
2019-07-26 06:41:44,334 mycategory [INFO] 22 this is info message
2019-07-26 06:41:44,334 mycategory [NOTICE] 22 this is notice message
2019-07-26 06:41:44,334 mycategory [ALERT] 23 this is alter message
2019-07-26 06:41:44,334 mycategory [CRIT] 23 this is crit message
2019-07-26 06:41:44,334 mycategory [ERROR] 23 this is error message
2019-07-26 06:41:44,334 mycategory [WARN] 23 this is warn message
2019-07-26 06:41:44,335 mycategory [INFO] 23 this is info message
2019-07-26 06:41:44,335 mycategory [NOTICE] 23 this is notice message
2019-07-26 06:41:44,335 mycategory [ALERT] 24 this is alter message
2019-07-26 06:41:44,335 mycategory [CRIT] 24 this is crit message
2019-07-26 06:41:44,335 mycategory [ERROR] 24 this is error message
2019-07-26 06:41:44,335 mycategory [WARN] 24 this is warn message
2019-07-26 06:41:44,335 mycategory [INFO] 24 this is info message
2019-07-26 06:41:44,335 mycategory [NOTICE] 24 this is notice message
2019-07-26 06:41:44,335 mycategory [ALERT] 25 this is alter message
2019-07-26 06:41:44,335 mycategory [CRIT] 25 this is crit message
2019-07-26 06:41:44,335 mycategory [ERROR] 25 this is error message
2019-07-26 06:41:44,335 mycategory [WARN] 25 this is warn message
2019-07-26 06:41:44,335 mycategory [INFO] 25 this is info message
2019-07-26 06:41:44,335 mycategory [NOTICE] 25 this is notice message
2019-07-26 06:41:44,335 mycategory [ALERT] 26 this is alter message
2019-07-26 06:41:44,335 mycategory [CRIT] 26 this is crit message
2019-07-26 06:41:44,335 mycategory [ERROR] 26 this is error message
2019-07-26 06:41:44,335 mycategory [WARN] 26 this is warn message
2019-07-26 06:41:44,335 mycategory [INFO] 26 this is info message
2019-07-26 06:41:44,335 mycategory [NOTICE] 26 this is notice message
2019-07-26 06:41:44,335 mycategory [ALERT] 27 this is alter message
2019-07-26 06:41:44,336 mycategory [CRIT] 27 this is crit message
2019-07-26 06:41:44,336 mycategory [ERROR] 27 this is error message
2019-07-26 06:41:44,336 mycategory [WARN] 27 this is warn message
2019-07-26 06:41:44,336 mycategory [INFO] 27 this is info message
2019-07-26 06:41:44,336 mycategory [NOTICE] 27 this is notice message
2019-07-26 06:41:44,336 mycategory [ALERT] 28 this is alter message
2019-07-26 06:41:44,336 mycategory [CRIT] 28 this is crit message
2019-07-26 06:41:44,336 mycategory [ERROR] 28 this is error message
2019-07-26 06:41:44,336 mycategory [WARN] 28 this is warn message
2019-07-26 06:41:44,336 mycategory [INFO] 28 this is info message
2019-07-26 06:41:44,336 mycategory [NOTICE] 28 this is notice message
2019-07-26 06:41:44,336 mycategory [ALERT] 29 this is alter message
2019-07-26 06:41:44,336 mycategory [CRIT] 29 this is crit message
2019-07-26 06:41:44,337 mycategory [ERROR] 29 this is error message
2019-07-26 06:41:44,337 mycategory [WARN] 29 this is warn message
2019-07-26 06:41:44,338 mycategory [INFO] 29 this is info message
2019-07-26 06:41:44,338 mycategory [NOTICE] 29 this is notice message
2019-07-26 06:41:44,338 mycategory [ALERT] 30 this is alter message
2019-07-26 06:41:44,338 mycategory [CRIT] 30 this is crit message
2019-07-26 06:41:44,338 mycategory [ERROR] 30 this is error message
2019-07-26 06:41:44,338 mycategory [WARN] 30 this is warn message
2019-07-26 06:41:44,338 mycategory [INFO] 30 this is info message
2019-07-26 06:41:44,338 mycategory [NOTICE] 30 this is notice message
2019-07-26 06:41:44,338 mycategory [ALERT] 31 this is alter message
2019-07-26 06:41:44,338 mycategory [CRIT] 31 this is crit message
2019-07-26 06:41:44,338 mycategory [ERROR] 31 this is error message
2019-07-26 06:41:44,338 mycategory [WARN] 31 this is warn message
2019-07-26 06:41:44,338 mycategory [INFO] 31 this is info message
2019-07-26 06:41:44,338 mycategory [NOTICE] 31 this is notice message
2019-07-26 06:41:44,338 mycategory [ALERT] 32 this is alter message
2019-07-26 06:41:44,338 mycategory [CRIT] 32 this is crit message
2019-07-26 06:41:44,338 mycategory [ERROR] 32 this is error message
2019-07-26 06:41:44,338 mycategory [WARN] 32 this is warn message
2019-07-26 06:41:44,338 mycategory [INFO] 32 this is info message
2019-07-26 06:41:44,338 mycategory [NOTICE] 32 this is notice message
2019-07-26 06:41:44,338 mycategory [ALERT] 33 this is alter message
2019-07-26 06:41:44,338 mycategory [CRIT] 33 this is crit message
2019-07-26 06:41:44,338 mycategory [ERROR] 33 this is error message
2019-07-26 06:41:44,338 mycategory [WARN] 33 this is warn message
2019-07-26 06:41:44,338 mycategory [INFO] 33 this is info message
2019-07-26 06:41:44,338 mycategory [NOTICE] 33 this is notice message
2019-07-26 06:41:44,338 mycategory [ALERT] 34 this is alter message
2019-07-26 06:41:44,338 mycategory [CRIT] 34 this is crit message
2019-07-26 06:41:44,338 mycategory [ERROR] 34 this is error message
2019-07-26 06:41:44,338 mycategory [WARN] 34 this is warn message
2019-07-26 06:41:44,338 mycategory [INFO] 34 this is info message
2019-07-26 06:41:44,338 mycategory [NOTICE] 34 this is notice message
2019-07-26 06:41:44,338 mycategory [ALERT] 35 this is alter message
2019-07-26 06:41:44,338 mycategory [CRIT] 35 this is crit message
2019-07-26 06:41:44,338 mycategory [ERROR] 35 this is error message
2019-07-26 06:41:44,338 mycategory [WARN] 35 this is warn message
2019-07-26 06:41:44,338 mycategory [INFO] 35 this is info message
2019-07-26 06:41:44,338 mycategory [NOTICE] 35 this is notice message
2019-07-26 06:41:44,338 mycategory [ALERT] 36 this is alter message
2019-07-26 06:41:44,338 mycategory [CRIT] 36 this is crit message
2019-07-26 06:41:44,338 mycategory [ERROR] 36 this is error message
2019-07-26 06:41:44,338 mycategory [WARN] 36 this is warn message
2019-07-26 06:41:44,338 mycategory [INFO] 36 this is info message
2019-07-26 06:41:44,338 mycategory [NOTICE] 36 this is notice message
2019-07-26 06:41:44,338 mycategory [ALERT] 37 this is alter message
2019-07-26 06:41:44,338 mycategory [CRIT] 37 this is crit message
2019-07-26 06:41:44,339 mycategory [ERROR] 37 this is error message
2019-07-26 06:41:44,339 mycategory [WARN] 37 this is warn message
2019-07-26 06:41:44,339 mycategory [INFO] 37 this is info message
2019-07-26 06:41:44,339 mycategory [NOTICE] 37 this is notice message
2019-07-26 06:41:44,339 mycategory [ALERT] 38 this is alter message
2019-07-26 06:41:44,339 mycategory [CRIT] 38 this is crit message
2019-07-26 06:41:44,339 mycategory [ERROR] 38 this is error message
2019-07-26 06:41:44,339 mycategory [WARN] 38 this is warn message
2019-07-26 06:41:44,339 mycategory [INFO] 38 this is info message
2019-07-26 06:41:44,339 mycategory [NOTICE] 38 this is notice message
2019-07-26 06:41:44,339 mycategory [ALERT] 39 this is alter message
2019-07-26 06:41:44,339 mycategory [CRIT] 39 this is crit message
2019-07-26 06:41:44,339 mycategory [ERROR] 39 this is error message
2019-07-26 06:41:44,339 mycategory [WARN] 39 this is warn message
2019-07-26 06:41:44,339 mycategory [INFO] 39 this is info message
2019-07-26 06:41:44,339 mycategory [NOTICE] 39 this is notice message
2019-07-26 06:41:44,339 mycategory [ALERT] 40 this is alter message
2019-07-26 06:41:44,339 mycategory [CRIT] 40 this is crit message
2019-07-26 06:41:44,339 mycategory [ERROR] 40 this is error message
2019-07-26 06:41:44,339 mycategory [WARN] 40 this is warn message
2019-07-26 06:41:44,339 mycategory [INFO] 40 this is info message
2019-07-26 06:41:44,339 mycategory [NOTICE] 40 this is notice message
2019-07-26 06:41:44,339 mycategory [ALERT] 41 this is alter message
2019-07-26 06:41:44,339 mycategory [CRIT] 41 this is crit message
2019-07-26 06:41:44,339 mycategory [ERROR] 41 this is error message
2019-07-26 06:41:44,339 mycategory [WARN] 41 this is warn message
2019-07-26 06:41:44,339 mycategory [INFO] 41 this is info message
2019-07-26 06:41:44,339 mycategory [NOTICE] 41 this is notice message
2019-07-26 06:41:44,339 mycategory [ALERT] 42 this is alter message
2019-07-26 06:41:44,339 mycategory [CRIT] 42 this is crit message
2019-07-26 06:41:44,339 mycategory [ERROR] 42 this is error message
2019-07-26 06:41:44,339 mycategory [WARN] 42 this is warn message
2019-07-26 06:41:44,339 mycategory [INFO] 42 this is info message
2019-07-26 06:41:44,339 mycategory [NOTICE] 42 this is notice message
2019-07-26 06:41:44,339 mycategory [ALERT] 43 this is alter message
2019-07-26 06:41:44,339 mycategory [CRIT] 43 this is crit message
2019-07-26 06:41:44,339 mycategory [ERROR] 43 this is error message
2019-07-26 06:41:44,339 mycategory [WARN] 43 this is warn message
2019-07-26 06:41:44,339 mycategory [INFO] 43 this is info message
2019-07-26 06:41:44,339 mycategory [NOTICE] 43 this is notice message
2019-07-26 06:41:44,339 mycategory [ALERT] 44 this is alter message
2019-07-26 06:41:44,339 mycategory [CRIT] 44 this is crit message
2019-07-26 06:41:44,339 mycategory [ERROR] 44 this is error message
2019-07-26 06:41:44,339 mycategory [WARN] 44 this is warn message
2019-07-26 06:41:44,339 mycategory [INFO] 44 this is info message
2019-07-26 06:41:44,339 mycategory [NOTICE] 44 this is notice message
2019-07-26 06:41:44,339 mycategory [ALERT] 45 this is alter message
2019-07-26 06:41:44,339 mycategory [CRIT] 45 this is crit message
2019-07-26 06:41:44,339 mycategory [ERROR] 45 this is error message
2019-07-26 06:41:44,339 mycategory [WARN] 45 this is warn message
2019-07-26 06:41:44,340 mycategory [INFO] 45 this is info message
2019-07-26 06:41:44,340 mycategory [NOTICE] 45 this is notice message
2019-07-26 06:41:44,340 mycategory [ALERT] 46 this is alter message
2019-07-26 06:41:44,340 mycategory [CRIT] 46 this is crit message
2019-07-26 06:41:44,340 mycategory [ERROR] 46 this is error message
2019-07-26 06:41:44,340 mycategory [WARN] 46 this is warn message
2019-07-26 06:41:44,340 mycategory [INFO] 46 this is info message
2019-07-26 06:41:44,340 mycategory [NOTICE] 46 this is notice message
2019-07-26 06:41:44,340 mycategory [ALERT] 47 this is alter message
2019-07-26 06:41:44,340 mycategory [CRIT] 47 this is crit message
2019-07-26 06:41:44,340 mycategory [ERROR] 47 this is error message
2019-07-26 06:41:44,340 mycategory [WARN] 47 this is warn message
2019-07-26 06:41:44,340 mycategory [INFO] 47 this is info message
2019-07-26 06:41:44,340 mycategory [NOTICE] 47 this is notice message
2019-07-26 06:41:44,341 mycategory [ALERT] 48 this is alter message
2019-07-26 06:41:44,342 mycategory [CRIT] 48 this is crit message
2019-07-26 06:41:44,342 mycategory [ERROR] 48 this is error message
2019-07-26 06:41:44,342 mycategory [WARN] 48 this is warn message
2019-07-26 06:41:44,342 mycategory [INFO] 48 this is info message
2019-07-26 06:41:44,342 mycategory [NOTICE] 48 this is notice message
2019-07-26 06:41:44,342 mycategory [ALERT] 49 this is alter message
2019-07-26 06:41:44,342 mycategory [CRIT] 49 this is crit message
2019-07-26 06:41:44,342 mycategory [ERROR] 49 this is error message
2019-07-26 06:41:44,342 mycategory [WARN] 49 this is warn message
2019-07-26 06:41:44,342 mycategory [INFO] 49 this is info message
2019-07-26 06:41:44,342 mycategory [NOTICE] 49 this is notice message
